#
# There is insufficient memory for the Java Runtime Environment to continue.
# Native memory allocation (mmap) failed to map 65536 bytes for Failed to commit metaspace.
# Possible reasons:
#   The system is out of physical RAM or swap space
#   The process is running with CompressedOops enabled, and the Java Heap may be blocking the growth of the native heap
# Possible solutions:
#   Reduce memory load on the system
#   Increase physical memory or swap space
#   Check if swap backing store is full
#   Decrease Java heap size (-Xmx/-Xms)
#   Decrease number of Java threads
#   Decrease Java thread stack sizes (-Xss)
#   Set larger code cache with -XX:ReservedCodeCacheSize=
#   JVM is running with Zero Based Compressed Oops mode in which the Java heap is
#     placed in the first 32GB address space. The Java Heap base address is the
#     maximum limit for the native heap growth. Please use -XX:HeapBaseMinAddress
#     to set the Java Heap base and to place the Java Heap above 32GB virtual address.
# This output file may be truncated or incomplete.
#
#  Out of Memory Error (virtualSpaceNode.cpp:110), pid=19704, tid=11756
#
# JRE version: OpenJDK Runtime Environment (17.0.2+8) (build 17.0.2+8-86)
# Java VM: OpenJDK 64-Bit Server VM (17.0.2+8-86, mixed mode, sharing, tiered, compressed oops, compressed class ptrs, g1 gc, windows-amd64)
# No core dump will be written. Minidumps are not enabled by default on client versions of Windows
#

---------------  S U M M A R Y ------------

Command Line: -javaagent:C:\Program Files\JetBrains\IntelliJ IDEA Community Edition 2021.3.1\lib\idea_rt.jar=53289:C:\Program Files\JetBrains\IntelliJ IDEA Community Edition 2021.3.1\bin -Dfile.encoding=UTF-8 de.dhbw.complexCalculator.Main

Host: Intel(R) Core(TM) i5-3437U CPU @ 1.90GHz, 4 cores, 15G,  Windows 10 , 64 bit Build 19041 (10.0.19041.1503)
Time: Thu Mar  3 12:49:29 2022 Mitteleuropäische Zeit elapsed time: 0.650121 seconds (0d 0h 0m 0s)

---------------  T H R E A D  ---------------

Current thread (0x00000240afd1af30):  JavaThread "main" [_thread_in_vm, id=11756, stack(0x000000744c900000,0x000000744ca00000)]

Stack: [0x000000744c900000,0x000000744ca00000]
Native frames: (J=compiled Java code, j=interpreted, Vv=VM code, C=native code)
V  [jvm.dll+0x670baa]
V  [jvm.dll+0x7cfcb4]
V  [jvm.dll+0x7d145e]
V  [jvm.dll+0x7d1ac3]
V  [jvm.dll+0x242bc5]
V  [jvm.dll+0x7cbc5b]
V  [jvm.dll+0x616966]
V  [jvm.dll+0x6169ca]
V  [jvm.dll+0x6191da]
V  [jvm.dll+0x617306]
V  [jvm.dll+0x2385a0]
V  [jvm.dll+0x1e880d]
V  [jvm.dll+0x1de251]
V  [jvm.dll+0x537c30]
V  [jvm.dll+0x1eea37]
V  [jvm.dll+0x74a15b]
V  [jvm.dll+0x74b502]
V  [jvm.dll+0x74b838]
V  [jvm.dll+0x23af1e]
V  [jvm.dll+0x37b2fe]
C  0x00000240b758b797

Java frames: (J=compiled Java code, j=interpreted, Vv=VM code)
j  sun.java2d.SurfaceData.<clinit>()V+455 java.desktop@17.0.2
v  ~StubRoutines::call_stub
j  sun.awt.windows.WToolkit.initIDs()V+0 java.desktop@17.0.2
j  sun.awt.windows.WToolkit.<clinit>()V+20 java.desktop@17.0.2
v  ~StubRoutines::call_stub
j  sun.awt.Win32GraphicsEnvironment.<clinit>()V+16 java.desktop@17.0.2
v  ~StubRoutines::call_stub
j  sun.awt.PlatformGraphicsInfo.createGE()Ljava/awt/GraphicsEnvironment;+0 java.desktop@17.0.2
j  java.awt.GraphicsEnvironment$LocalGE.createGE()Ljava/awt/GraphicsEnvironment;+0 java.desktop@17.0.2
j  java.awt.GraphicsEnvironment$LocalGE.<clinit>()V+0 java.desktop@17.0.2
v  ~StubRoutines::call_stub
j  java.awt.GraphicsEnvironment.getLocalGraphicsEnvironment()Ljava/awt/GraphicsEnvironment;+0 java.desktop@17.0.2
j  java.awt.Window.initGC(Ljava/awt/GraphicsConfiguration;)Ljava/awt/GraphicsConfiguration;+7 java.desktop@17.0.2
j  java.awt.Window.init(Ljava/awt/GraphicsConfiguration;)V+45 java.desktop@17.0.2
j  java.awt.Window.<init>()V+124 java.desktop@17.0.2
j  java.awt.Frame.<init>(Ljava/lang/String;)V+1 java.desktop@17.0.2
j  java.awt.Frame.<init>()V+3 java.desktop@17.0.2
j  javax.swing.JFrame.<init>()V+1 java.desktop@17.0.2
j  de.dhbw.complexCalculator.ComplexCalculatorGUI.<init>()V+1
j  de.dhbw.complexCalculator.Main.main([Ljava/lang/String;)V+4
v  ~StubRoutines::call_stub

---------------  P R O C E S S  ---------------

Threads class SMR info:
_java_thread_list=0x00000240d2d2e9d0, length=13, elements={
0x00000240afd1af30, 0x00000240d21026a0, 0x00000240d2103510, 0x00000240d2115300,
0x00000240d2118ce0, 0x00000240d2119690, 0x00000240d211a040, 0x00000240d211add0,
0x00000240d2c1a8c0, 0x00000240d2c1ced0, 0x00000240d20e8b90, 0x00000240d2df8990,
0x00000240d2d1c860
}

Java Threads: ( => current thread )
=>0x00000240afd1af30 JavaThread "main" [_thread_in_vm, id=11756, stack(0x000000744c900000,0x000000744ca00000)]
  0x00000240d21026a0 JavaThread "Reference Handler" daemon [_thread_blocked, id=25512, stack(0x000000744d000000,0x000000744d100000)]
  0x00000240d2103510 JavaThread "Finalizer" daemon [_thread_blocked, id=22872, stack(0x000000744d100000,0x000000744d200000)]
  0x00000240d2115300 JavaThread "Signal Dispatcher" daemon [_thread_blocked, id=112, stack(0x000000744d200000,0x000000744d300000)]
  0x00000240d2118ce0 JavaThread "Attach Listener" daemon [_thread_blocked, id=13752, stack(0x000000744d300000,0x000000744d400000)]
  0x00000240d2119690 JavaThread "Service Thread" daemon [_thread_blocked, id=22108, stack(0x000000744d400000,0x000000744d500000)]
  0x00000240d211a040 JavaThread "Monitor Deflation Thread" daemon [_thread_blocked, id=18756, stack(0x000000744d500000,0x000000744d600000)]
  0x00000240d211add0 JavaThread "C2 CompilerThread0" daemon [_thread_blocked, id=5004, stack(0x000000744d600000,0x000000744d700000)]
  0x00000240d2c1a8c0 JavaThread "C1 CompilerThread0" daemon [_thread_blocked, id=18200, stack(0x000000744d700000,0x000000744d800000)]
  0x00000240d2c1ced0 JavaThread "Sweeper thread" daemon [_thread_blocked, id=7596, stack(0x000000744d800000,0x000000744d900000)]
  0x00000240d20e8b90 JavaThread "Common-Cleaner" daemon [_thread_blocked, id=24812, stack(0x000000744d900000,0x000000744da00000)]
  0x00000240d2df8990 JavaThread "Monitor Ctrl-Break" daemon [_thread_in_native, id=5264, stack(0x000000744da00000,0x000000744db00000)]
  0x00000240d2d1c860 JavaThread "Notification Thread" daemon [_thread_blocked, id=21260, stack(0x000000744db00000,0x000000744dc00000)]

Other Threads:
  0x00000240d20fa620 VMThread "VM Thread" [stack: 0x000000744cf00000,0x000000744d000000] [id=16412]
  0x00000240afd1c2f0 WatcherThread [stack: 0x000000744dc00000,0x000000744dd00000] [id=25168]
  0x00000240afd6b350 GCTaskThread "GC Thread#0" [stack: 0x000000744ca00000,0x000000744cb00000] [id=11364]
  0x00000240afd7d4a0 ConcurrentGCThread "G1 Main Marker" [stack: 0x000000744cb00000,0x000000744cc00000] [id=25344]
  0x00000240afd7deb0 ConcurrentGCThread "G1 Conc#0" [stack: 0x000000744cc00000,0x000000744cd00000] [id=24488]
  0x00000240d1fb4da0 ConcurrentGCThread "G1 Refine#0" [stack: 0x000000744cd00000,0x000000744ce00000] [id=8224]
  0x00000240d1fb57c0 ConcurrentGCThread "G1 Service" [stack: 0x000000744ce00000,0x000000744cf00000] [id=23204]

Threads with active compile tasks:

VM state: not at safepoint (normal execution)

VM Mutex/Monitor currently owned by a thread:  ([mutex/lock_event])
[0x00000240afd14c60] Metaspace_lock - owner thread: 0x00000240afd1af30

Heap address: 0x0000000702000000, size: 4064 MB, Compressed Oops mode: Zero based, Oop shift amount: 3

CDS archive(s) mapped at: [0x0000000800000000-0x0000000800bc0000-0x0000000800bc0000), size 12320768, SharedBaseAddress: 0x0000000800000000, ArchiveRelocationMode: 0.
Compressed class space mapped at: 0x0000000800c00000-0x0000000840c00000, reserved size: 1073741824
Narrow klass base: 0x0000000800000000, Narrow klass shift: 0, Narrow klass range: 0x100000000

GC Precious Log:
 CPUs: 4 total, 4 available
 Memory: 16255M
 Large Page Support: Disabled
 NUMA Support: Disabled
 Compressed Oops: Enabled (Zero based)
 Heap Region Size: 2M
 Heap Min Capacity: 8M
 Heap Initial Capacity: 254M
 Heap Max Capacity: 4064M
 Pre-touch: Disabled
 Parallel Workers: 4
 Concurrent Workers: 1
 Concurrent Refinement Workers: 4
 Periodic GC: Disabled

Heap:
 garbage-first heap   total 260096K, used 2048K [0x0000000702000000, 0x0000000800000000)
  region size 2048K, 2 young (4096K), 0 survivors (0K)
 Metaspace       used 2755K, committed 2880K, reserved 1056768K
  class space    used 261K, committed 320K, reserved 1048576K

Heap Regions: E=young(eden), S=young(survivor), O=old, HS=humongous(starts), HC=humongous(continues), CS=collection set, F=free, OA=open archive, CA=closed archive, TAMS=top-at-mark-start (previous, next)
|   0|0x0000000702000000, 0x0000000702000000, 0x0000000702200000|  0%| F|  |TAMS 0x0000000702000000, 0x0000000702000000| Untracked 
|   1|0x0000000702200000, 0x0000000702200000, 0x0000000702400000|  0%| F|  |TAMS 0x0000000702200000, 0x0000000702200000| Untracked 
|   2|0x0000000702400000, 0x0000000702400000, 0x0000000702600000|  0%| F|  |TAMS 0x0000000702400000, 0x0000000702400000| Untracked 
|   3|0x0000000702600000, 0x0000000702600000, 0x0000000702800000|  0%| F|  |TAMS 0x0000000702600000, 0x0000000702600000| Untracked 
|   4|0x0000000702800000, 0x0000000702800000, 0x0000000702a00000|  0%| F|  |TAMS 0x0000000702800000, 0x0000000702800000| Untracked 
|   5|0x0000000702a00000, 0x0000000702a00000, 0x0000000702c00000|  0%| F|  |TAMS 0x0000000702a00000, 0x0000000702a00000| Untracked 
|   6|0x0000000702c00000, 0x0000000702c00000, 0x0000000702e00000|  0%| F|  |TAMS 0x0000000702c00000, 0x0000000702c00000| Untracked 
|   7|0x0000000702e00000, 0x0000000702e00000, 0x0000000703000000|  0%| F|  |TAMS 0x0000000702e00000, 0x0000000702e00000| Untracked 
|   8|0x0000000703000000, 0x0000000703000000, 0x0000000703200000|  0%| F|  |TAMS 0x0000000703000000, 0x0000000703000000| Untracked 
|   9|0x0000000703200000, 0x0000000703200000, 0x0000000703400000|  0%| F|  |TAMS 0x0000000703200000, 0x0000000703200000| Untracked 
|  10|0x0000000703400000, 0x0000000703400000, 0x0000000703600000|  0%| F|  |TAMS 0x0000000703400000, 0x0000000703400000| Untracked 
|  11|0x0000000703600000, 0x0000000703600000, 0x0000000703800000|  0%| F|  |TAMS 0x0000000703600000, 0x0000000703600000| Untracked 
|  12|0x0000000703800000, 0x0000000703800000, 0x0000000703a00000|  0%| F|  |TAMS 0x0000000703800000, 0x0000000703800000| Untracked 
|  13|0x0000000703a00000, 0x0000000703a00000, 0x0000000703c00000|  0%| F|  |TAMS 0x0000000703a00000, 0x0000000703a00000| Untracked 
|  14|0x0000000703c00000, 0x0000000703c00000, 0x0000000703e00000|  0%| F|  |TAMS 0x0000000703c00000, 0x0000000703c00000| Untracked 
|  15|0x0000000703e00000, 0x0000000703e00000, 0x0000000704000000|  0%| F|  |TAMS 0x0000000703e00000, 0x0000000703e00000| Untracked 
|  16|0x0000000704000000, 0x0000000704000000, 0x0000000704200000|  0%| F|  |TAMS 0x0000000704000000, 0x0000000704000000| Untracked 
|  17|0x0000000704200000, 0x0000000704200000, 0x0000000704400000|  0%| F|  |TAMS 0x0000000704200000, 0x0000000704200000| Untracked 
|  18|0x0000000704400000, 0x0000000704400000, 0x0000000704600000|  0%| F|  |TAMS 0x0000000704400000, 0x0000000704400000| Untracked 
|  19|0x0000000704600000, 0x0000000704600000, 0x0000000704800000|  0%| F|  |TAMS 0x0000000704600000, 0x0000000704600000| Untracked 
|  20|0x0000000704800000, 0x0000000704800000, 0x0000000704a00000|  0%| F|  |TAMS 0x0000000704800000, 0x0000000704800000| Untracked 
|  21|0x0000000704a00000, 0x0000000704a00000, 0x0000000704c00000|  0%| F|  |TAMS 0x0000000704a00000, 0x0000000704a00000| Untracked 
|  22|0x0000000704c00000, 0x0000000704c00000, 0x0000000704e00000|  0%| F|  |TAMS 0x0000000704c00000, 0x0000000704c00000| Untracked 
|  23|0x0000000704e00000, 0x0000000704e00000, 0x0000000705000000|  0%| F|  |TAMS 0x0000000704e00000, 0x0000000704e00000| Untracked 
|  24|0x0000000705000000, 0x0000000705000000, 0x0000000705200000|  0%| F|  |TAMS 0x0000000705000000, 0x0000000705000000| Untracked 
|  25|0x0000000705200000, 0x0000000705200000, 0x0000000705400000|  0%| F|  |TAMS 0x0000000705200000, 0x0000000705200000| Untracked 
|  26|0x0000000705400000, 0x0000000705400000, 0x0000000705600000|  0%| F|  |TAMS 0x0000000705400000, 0x0000000705400000| Untracked 
|  27|0x0000000705600000, 0x0000000705600000, 0x0000000705800000|  0%| F|  |TAMS 0x0000000705600000, 0x0000000705600000| Untracked 
|  28|0x0000000705800000, 0x0000000705800000, 0x0000000705a00000|  0%| F|  |TAMS 0x0000000705800000, 0x0000000705800000| Untracked 
|  29|0x0000000705a00000, 0x0000000705a00000, 0x0000000705c00000|  0%| F|  |TAMS 0x0000000705a00000, 0x0000000705a00000| Untracked 
|  30|0x0000000705c00000, 0x0000000705c00000, 0x0000000705e00000|  0%| F|  |TAMS 0x0000000705c00000, 0x0000000705c00000| Untracked 
|  31|0x0000000705e00000, 0x0000000705e00000, 0x0000000706000000|  0%| F|  |TAMS 0x0000000705e00000, 0x0000000705e00000| Untracked 
|  32|0x0000000706000000, 0x0000000706000000, 0x0000000706200000|  0%| F|  |TAMS 0x0000000706000000, 0x0000000706000000| Untracked 
|  33|0x0000000706200000, 0x0000000706200000, 0x0000000706400000|  0%| F|  |TAMS 0x0000000706200000, 0x0000000706200000| Untracked 
|  34|0x0000000706400000, 0x0000000706400000, 0x0000000706600000|  0%| F|  |TAMS 0x0000000706400000, 0x0000000706400000| Untracked 
|  35|0x0000000706600000, 0x0000000706600000, 0x0000000706800000|  0%| F|  |TAMS 0x0000000706600000, 0x0000000706600000| Untracked 
|  36|0x0000000706800000, 0x0000000706800000, 0x0000000706a00000|  0%| F|  |TAMS 0x0000000706800000, 0x0000000706800000| Untracked 
|  37|0x0000000706a00000, 0x0000000706a00000, 0x0000000706c00000|  0%| F|  |TAMS 0x0000000706a00000, 0x0000000706a00000| Untracked 
|  38|0x0000000706c00000, 0x0000000706c00000, 0x0000000706e00000|  0%| F|  |TAMS 0x0000000706c00000, 0x0000000706c00000| Untracked 
|  39|0x0000000706e00000, 0x0000000706e00000, 0x0000000707000000|  0%| F|  |TAMS 0x0000000706e00000, 0x0000000706e00000| Untracked 
|  40|0x0000000707000000, 0x0000000707000000, 0x0000000707200000|  0%| F|  |TAMS 0x0000000707000000, 0x0000000707000000| Untracked 
|  41|0x0000000707200000, 0x0000000707200000, 0x0000000707400000|  0%| F|  |TAMS 0x0000000707200000, 0x0000000707200000| Untracked 
|  42|0x0000000707400000, 0x0000000707400000, 0x0000000707600000|  0%| F|  |TAMS 0x0000000707400000, 0x0000000707400000| Untracked 
|  43|0x0000000707600000, 0x0000000707600000, 0x0000000707800000|  0%| F|  |TAMS 0x0000000707600000, 0x0000000707600000| Untracked 
|  44|0x0000000707800000, 0x0000000707800000, 0x0000000707a00000|  0%| F|  |TAMS 0x0000000707800000, 0x0000000707800000| Untracked 
|  45|0x0000000707a00000, 0x0000000707a00000, 0x0000000707c00000|  0%| F|  |TAMS 0x0000000707a00000, 0x0000000707a00000| Untracked 
|  46|0x0000000707c00000, 0x0000000707c00000, 0x0000000707e00000|  0%| F|  |TAMS 0x0000000707c00000, 0x0000000707c00000| Untracked 
|  47|0x0000000707e00000, 0x0000000707e00000, 0x0000000708000000|  0%| F|  |TAMS 0x0000000707e00000, 0x0000000707e00000| Untracked 
|  48|0x0000000708000000, 0x0000000708000000, 0x0000000708200000|  0%| F|  |TAMS 0x0000000708000000, 0x0000000708000000| Untracked 
|  49|0x0000000708200000, 0x0000000708200000, 0x0000000708400000|  0%| F|  |TAMS 0x0000000708200000, 0x0000000708200000| Untracked 
|  50|0x0000000708400000, 0x0000000708400000, 0x0000000708600000|  0%| F|  |TAMS 0x0000000708400000, 0x0000000708400000| Untracked 
|  51|0x0000000708600000, 0x0000000708600000, 0x0000000708800000|  0%| F|  |TAMS 0x0000000708600000, 0x0000000708600000| Untracked 
|  52|0x0000000708800000, 0x0000000708800000, 0x0000000708a00000|  0%| F|  |TAMS 0x0000000708800000, 0x0000000708800000| Untracked 
|  53|0x0000000708a00000, 0x0000000708a00000, 0x0000000708c00000|  0%| F|  |TAMS 0x0000000708a00000, 0x0000000708a00000| Untracked 
|  54|0x0000000708c00000, 0x0000000708c00000, 0x0000000708e00000|  0%| F|  |TAMS 0x0000000708c00000, 0x0000000708c00000| Untracked 
|  55|0x0000000708e00000, 0x0000000708e00000, 0x0000000709000000|  0%| F|  |TAMS 0x0000000708e00000, 0x0000000708e00000| Untracked 
|  56|0x0000000709000000, 0x0000000709000000, 0x0000000709200000|  0%| F|  |TAMS 0x0000000709000000, 0x0000000709000000| Untracked 
|  57|0x0000000709200000, 0x0000000709200000, 0x0000000709400000|  0%| F|  |TAMS 0x0000000709200000, 0x0000000709200000| Untracked 
|  58|0x0000000709400000, 0x0000000709400000, 0x0000000709600000|  0%| F|  |TAMS 0x0000000709400000, 0x0000000709400000| Untracked 
|  59|0x0000000709600000, 0x0000000709600000, 0x0000000709800000|  0%| F|  |TAMS 0x0000000709600000, 0x0000000709600000| Untracked 
|  60|0x0000000709800000, 0x0000000709800000, 0x0000000709a00000|  0%| F|  |TAMS 0x0000000709800000, 0x0000000709800000| Untracked 
|  61|0x0000000709a00000, 0x0000000709a00000, 0x0000000709c00000|  0%| F|  |TAMS 0x0000000709a00000, 0x0000000709a00000| Untracked 
|  62|0x0000000709c00000, 0x0000000709c00000, 0x0000000709e00000|  0%| F|  |TAMS 0x0000000709c00000, 0x0000000709c00000| Untracked 
|  63|0x0000000709e00000, 0x0000000709e00000, 0x000000070a000000|  0%| F|  |TAMS 0x0000000709e00000, 0x0000000709e00000| Untracked 
|  64|0x000000070a000000, 0x000000070a000000, 0x000000070a200000|  0%| F|  |TAMS 0x000000070a000000, 0x000000070a000000| Untracked 
|  65|0x000000070a200000, 0x000000070a200000, 0x000000070a400000|  0%| F|  |TAMS 0x000000070a200000, 0x000000070a200000| Untracked 
|  66|0x000000070a400000, 0x000000070a400000, 0x000000070a600000|  0%| F|  |TAMS 0x000000070a400000, 0x000000070a400000| Untracked 
|  67|0x000000070a600000, 0x000000070a600000, 0x000000070a800000|  0%| F|  |TAMS 0x000000070a600000, 0x000000070a600000| Untracked 
|  68|0x000000070a800000, 0x000000070a800000, 0x000000070aa00000|  0%| F|  |TAMS 0x000000070a800000, 0x000000070a800000| Untracked 
|  69|0x000000070aa00000, 0x000000070aa00000, 0x000000070ac00000|  0%| F|  |TAMS 0x000000070aa00000, 0x000000070aa00000| Untracked 
|  70|0x000000070ac00000, 0x000000070ac00000, 0x000000070ae00000|  0%| F|  |TAMS 0x000000070ac00000, 0x000000070ac00000| Untracked 
|  71|0x000000070ae00000, 0x000000070ae00000, 0x000000070b000000|  0%| F|  |TAMS 0x000000070ae00000, 0x000000070ae00000| Untracked 
|  72|0x000000070b000000, 0x000000070b000000, 0x000000070b200000|  0%| F|  |TAMS 0x000000070b000000, 0x000000070b000000| Untracked 
|  73|0x000000070b200000, 0x000000070b200000, 0x000000070b400000|  0%| F|  |TAMS 0x000000070b200000, 0x000000070b200000| Untracked 
|  74|0x000000070b400000, 0x000000070b400000, 0x000000070b600000|  0%| F|  |TAMS 0x000000070b400000, 0x000000070b400000| Untracked 
|  75|0x000000070b600000, 0x000000070b600000, 0x000000070b800000|  0%| F|  |TAMS 0x000000070b600000, 0x000000070b600000| Untracked 
|  76|0x000000070b800000, 0x000000070b800000, 0x000000070ba00000|  0%| F|  |TAMS 0x000000070b800000, 0x000000070b800000| Untracked 
|  77|0x000000070ba00000, 0x000000070ba00000, 0x000000070bc00000|  0%| F|  |TAMS 0x000000070ba00000, 0x000000070ba00000| Untracked 
|  78|0x000000070bc00000, 0x000000070bc00000, 0x000000070be00000|  0%| F|  |TAMS 0x000000070bc00000, 0x000000070bc00000| Untracked 
|  79|0x000000070be00000, 0x000000070be00000, 0x000000070c000000|  0%| F|  |TAMS 0x000000070be00000, 0x000000070be00000| Untracked 
|  80|0x000000070c000000, 0x000000070c000000, 0x000000070c200000|  0%| F|  |TAMS 0x000000070c000000, 0x000000070c000000| Untracked 
|  81|0x000000070c200000, 0x000000070c200000, 0x000000070c400000|  0%| F|  |TAMS 0x000000070c200000, 0x000000070c200000| Untracked 
|  82|0x000000070c400000, 0x000000070c400000, 0x000000070c600000|  0%| F|  |TAMS 0x000000070c400000, 0x000000070c400000| Untracked 
|  83|0x000000070c600000, 0x000000070c600000, 0x000000070c800000|  0%| F|  |TAMS 0x000000070c600000, 0x000000070c600000| Untracked 
|  84|0x000000070c800000, 0x000000070c800000, 0x000000070ca00000|  0%| F|  |TAMS 0x000000070c800000, 0x000000070c800000| Untracked 
|  85|0x000000070ca00000, 0x000000070ca00000, 0x000000070cc00000|  0%| F|  |TAMS 0x000000070ca00000, 0x000000070ca00000| Untracked 
|  86|0x000000070cc00000, 0x000000070cc00000, 0x000000070ce00000|  0%| F|  |TAMS 0x000000070cc00000, 0x000000070cc00000| Untracked 
|  87|0x000000070ce00000, 0x000000070ce00000, 0x000000070d000000|  0%| F|  |TAMS 0x000000070ce00000, 0x000000070ce00000| Untracked 
|  88|0x000000070d000000, 0x000000070d000000, 0x000000070d200000|  0%| F|  |TAMS 0x000000070d000000, 0x000000070d000000| Untracked 
|  89|0x000000070d200000, 0x000000070d200000, 0x000000070d400000|  0%| F|  |TAMS 0x000000070d200000, 0x000000070d200000| Untracked 
|  90|0x000000070d400000, 0x000000070d400000, 0x000000070d600000|  0%| F|  |TAMS 0x000000070d400000, 0x000000070d400000| Untracked 
|  91|0x000000070d600000, 0x000000070d600000, 0x000000070d800000|  0%| F|  |TAMS 0x000000070d600000, 0x000000070d600000| Untracked 
|  92|0x000000070d800000, 0x000000070d800000, 0x000000070da00000|  0%| F|  |TAMS 0x000000070d800000, 0x000000070d800000| Untracked 
|  93|0x000000070da00000, 0x000000070da00000, 0x000000070dc00000|  0%| F|  |TAMS 0x000000070da00000, 0x000000070da00000| Untracked 
|  94|0x000000070dc00000, 0x000000070dc00000, 0x000000070de00000|  0%| F|  |TAMS 0x000000070dc00000, 0x000000070dc00000| Untracked 
|  95|0x000000070de00000, 0x000000070de00000, 0x000000070e000000|  0%| F|  |TAMS 0x000000070de00000, 0x000000070de00000| Untracked 
|  96|0x000000070e000000, 0x000000070e000000, 0x000000070e200000|  0%| F|  |TAMS 0x000000070e000000, 0x000000070e000000| Untracked 
|  97|0x000000070e200000, 0x000000070e200000, 0x000000070e400000|  0%| F|  |TAMS 0x000000070e200000, 0x000000070e200000| Untracked 
|  98|0x000000070e400000, 0x000000070e400000, 0x000000070e600000|  0%| F|  |TAMS 0x000000070e400000, 0x000000070e400000| Untracked 
|  99|0x000000070e600000, 0x000000070e600000, 0x000000070e800000|  0%| F|  |TAMS 0x000000070e600000, 0x000000070e600000| Untracked 
| 100|0x000000070e800000, 0x000000070e800000, 0x000000070ea00000|  0%| F|  |TAMS 0x000000070e800000, 0x000000070e800000| Untracked 
| 101|0x000000070ea00000, 0x000000070ea00000, 0x000000070ec00000|  0%| F|  |TAMS 0x000000070ea00000, 0x000000070ea00000| Untracked 
| 102|0x000000070ec00000, 0x000000070ec00000, 0x000000070ee00000|  0%| F|  |TAMS 0x000000070ec00000, 0x000000070ec00000| Untracked 
| 103|0x000000070ee00000, 0x000000070ee00000, 0x000000070f000000|  0%| F|  |TAMS 0x000000070ee00000, 0x000000070ee00000| Untracked 
| 104|0x000000070f000000, 0x000000070f000000, 0x000000070f200000|  0%| F|  |TAMS 0x000000070f000000, 0x000000070f000000| Untracked 
| 105|0x000000070f200000, 0x000000070f200000, 0x000000070f400000|  0%| F|  |TAMS 0x000000070f200000, 0x000000070f200000| Untracked 
| 106|0x000000070f400000, 0x000000070f400000, 0x000000070f600000|  0%| F|  |TAMS 0x000000070f400000, 0x000000070f400000| Untracked 
| 107|0x000000070f600000, 0x000000070f600000, 0x000000070f800000|  0%| F|  |TAMS 0x000000070f600000, 0x000000070f600000| Untracked 
| 108|0x000000070f800000, 0x000000070f800000, 0x000000070fa00000|  0%| F|  |TAMS 0x000000070f800000, 0x000000070f800000| Untracked 
| 109|0x000000070fa00000, 0x000000070fa00000, 0x000000070fc00000|  0%| F|  |TAMS 0x000000070fa00000, 0x000000070fa00000| Untracked 
| 110|0x000000070fc00000, 0x000000070fc00000, 0x000000070fe00000|  0%| F|  |TAMS 0x000000070fc00000, 0x000000070fc00000| Untracked 
| 111|0x000000070fe00000, 0x000000070fe00000, 0x0000000710000000|  0%| F|  |TAMS 0x000000070fe00000, 0x000000070fe00000| Untracked 
| 112|0x0000000710000000, 0x0000000710000000, 0x0000000710200000|  0%| F|  |TAMS 0x0000000710000000, 0x0000000710000000| Untracked 
| 113|0x0000000710200000, 0x0000000710200000, 0x0000000710400000|  0%| F|  |TAMS 0x0000000710200000, 0x0000000710200000| Untracked 
| 114|0x0000000710400000, 0x0000000710400000, 0x0000000710600000|  0%| F|  |TAMS 0x0000000710400000, 0x0000000710400000| Untracked 
| 115|0x0000000710600000, 0x0000000710600000, 0x0000000710800000|  0%| F|  |TAMS 0x0000000710600000, 0x0000000710600000| Untracked 
| 116|0x0000000710800000, 0x0000000710800000, 0x0000000710a00000|  0%| F|  |TAMS 0x0000000710800000, 0x0000000710800000| Untracked 
| 117|0x0000000710a00000, 0x0000000710a00000, 0x0000000710c00000|  0%| F|  |TAMS 0x0000000710a00000, 0x0000000710a00000| Untracked 
| 118|0x0000000710c00000, 0x0000000710c00000, 0x0000000710e00000|  0%| F|  |TAMS 0x0000000710c00000, 0x0000000710c00000| Untracked 
| 119|0x0000000710e00000, 0x0000000710e00000, 0x0000000711000000|  0%| F|  |TAMS 0x0000000710e00000, 0x0000000710e00000| Untracked 
| 120|0x0000000711000000, 0x0000000711000000, 0x0000000711200000|  0%| F|  |TAMS 0x0000000711000000, 0x0000000711000000| Untracked 
| 121|0x0000000711200000, 0x0000000711200000, 0x0000000711400000|  0%| F|  |TAMS 0x0000000711200000, 0x0000000711200000| Untracked 
| 122|0x0000000711400000, 0x0000000711400000, 0x0000000711600000|  0%| F|  |TAMS 0x0000000711400000, 0x0000000711400000| Untracked 
| 123|0x0000000711600000, 0x0000000711600000, 0x0000000711800000|  0%| F|  |TAMS 0x0000000711600000, 0x0000000711600000| Untracked 
| 124|0x0000000711800000, 0x0000000711800000, 0x0000000711a00000|  0%| F|  |TAMS 0x0000000711800000, 0x0000000711800000| Untracked 
| 125|0x0000000711a00000, 0x0000000711af64d0, 0x0000000711c00000| 48%| E|  |TAMS 0x0000000711a00000, 0x0000000711a00000| Complete 
| 126|0x0000000711c00000, 0x0000000711e00000, 0x0000000711e00000|100%| E|CS|TAMS 0x0000000711c00000, 0x0000000711c00000| Complete 

Card table byte_map: [0x00000240c6d60000,0x00000240c7550000] _byte_map_base: 0x00000240c3550000

Marking Bits (Prev, Next): (CMBitMap*) 0x00000240afd6cd70, (CMBitMap*) 0x00000240afd6cdb0
 Prev Bits: [0x00000240c7d40000, 0x00000240cbcc0000)
 Next Bits: [0x00000240cbcc0000, 0x00000240cfc40000)

Polling page: 0x00000240adc90000

Metaspace:

Usage:
  Non-class:      2.44 MB used.
      Class:    261.87 KB used.
       Both:      2.69 MB used.

Virtual space:
  Non-class space:        8.00 MB reserved,       2.50 MB ( 31%) committed,  1 nodes.
      Class space:        1.00 GB reserved,     320.00 KB ( <1%) committed,  1 nodes.
             Both:        1.01 GB reserved,       2.81 MB ( <1%) committed. 

Chunk freelists:
   Non-Class:  3.92 MB
       Class:  3.71 MB
        Both:  7.63 MB

MaxMetaspaceSize: unlimited
CompressedClassSpaceSize: 1.00 GB
Initial GC threshold: 21.00 MB
Current GC threshold: 21.00 MB
CDS: on
MetaspaceReclaimPolicy: balanced
 - commit_granule_bytes: 65536.
 - commit_granule_words: 8192.
 - virtual_space_node_default_size: 1048576.
 - enlarge_chunks_in_place: 1.
 - new_chunks_are_fully_committed: 0.
 - uncommit_free_chunks: 1.
 - use_allocation_guard: 0.
 - handle_deallocations: 1.


Internal statistics:

num_allocs_failed_limit: 0.
num_arena_births: 60.
num_arena_deaths: 0.
num_vsnodes_births: 2.
num_vsnodes_deaths: 0.
num_space_committed: 45.
num_space_uncommitted: 0.
num_chunks_returned_to_freelist: 0.
num_chunks_taken_from_freelist: 73.
num_chunk_merges: 0.
num_chunk_splits: 47.
num_chunks_enlarged: 23.
num_purges: 0.
num_inconsistent_stats: 0.

CodeHeap 'non-profiled nmethods': size=120000Kb used=118Kb max_used=118Kb free=119881Kb
 bounds [0x00000240bf040000, 0x00000240bf2b0000, 0x00000240c6570000]
CodeHeap 'profiled nmethods': size=120000Kb used=468Kb max_used=468Kb free=119531Kb
 bounds [0x00000240b7b10000, 0x00000240b7d80000, 0x00000240bf040000]
CodeHeap 'non-nmethods': size=5760Kb used=1165Kb max_used=1165Kb free=4594Kb
 bounds [0x00000240b7570000, 0x00000240b77e0000, 0x00000240b7b10000]
 total_blobs=825 nmethods=364 adapters=374
 compilation: enabled
              stopped_count=0, restarted_count=0
 full_count=0

Compilation events (20 events):
Event: 0.597 Thread 0x00000240d2c1a8c0 nmethod 351 0x00000240b7b7d510 code [0x00000240b7b7d6a0, 0x00000240b7b7d7f8]
Event: 0.598 Thread 0x00000240d2c1a8c0  352       3       jdk.internal.org.objectweb.asm.Type::getArgumentsAndReturnSizes (140 bytes)
Event: 0.601 Thread 0x00000240d211add0 nmethod 341 0x00000240bf05cc10 code [0x00000240bf05cdc0, 0x00000240bf05d178]
Event: 0.601 Thread 0x00000240d2c1a8c0 nmethod 352 0x00000240b7b7d910 code [0x00000240b7b7dd00, 0x00000240b7b7fb58]
Event: 0.601 Thread 0x00000240d2c1a8c0  356       3       java.lang.invoke.InvokerBytecodeGenerator::emitPushArgument (150 bytes)
Event: 0.603 Thread 0x00000240d2c1a8c0 nmethod 356 0x00000240b7b80690 code [0x00000240b7b80960, 0x00000240b7b81868]
Event: 0.603 Thread 0x00000240d2c1a8c0  355       3       jdk.internal.org.objectweb.asm.Frame::pop (44 bytes)
Event: 0.603 Thread 0x00000240d2c1a8c0 nmethod 355 0x00000240b7b81c90 code [0x00000240b7b81e20, 0x00000240b7b81fb8]
Event: 0.603 Thread 0x00000240d2c1a8c0  357       3       java.lang.invoke.InvokerBytecodeGenerator::emitLoadInsn (21 bytes)
Event: 0.604 Thread 0x00000240d2c1a8c0 nmethod 357 0x00000240b7b82090 code [0x00000240b7b82240, 0x00000240b7b82498]
Event: 0.604 Thread 0x00000240d2c1a8c0  358       3       java.lang.invoke.InvokerBytecodeGenerator::loadInsnOpcode (98 bytes)
Event: 0.605 Thread 0x00000240d2c1a8c0 nmethod 358 0x00000240b7b82610 code [0x00000240b7b82880, 0x00000240b7b83278]
Event: 0.608 Thread 0x00000240d2c1a8c0  361       3       java.util.concurrent.ConcurrentHashMap$Traverser::advance (188 bytes)
Event: 0.609 Thread 0x00000240d2c1a8c0 nmethod 361 0x00000240b7b83590 code [0x00000240b7b837e0, 0x00000240b7b84408]
Event: 0.635 Thread 0x00000240d2c1a8c0  362       3       java.lang.reflect.Modifier::isPublic (12 bytes)
Event: 0.635 Thread 0x00000240d2c1a8c0 nmethod 362 0x00000240b7b84690 code [0x00000240b7b84820, 0x00000240b7b84978]
Event: 0.639 Thread 0x00000240d2c1a8c0  363       3       java.util.concurrent.ConcurrentHashMap$BaseIterator::hasNext (13 bytes)
Event: 0.639 Thread 0x00000240d2c1a8c0 nmethod 363 0x00000240b7b84a10 code [0x00000240b7b84ba0, 0x00000240b7b84d18]
Event: 0.640 Thread 0x00000240d2c1a8c0  364       3       java.util.concurrent.ConcurrentHashMap$ValueIterator::next (34 bytes)
Event: 0.640 Thread 0x00000240d2c1a8c0 nmethod 364 0x00000240b7b84d90 code [0x00000240b7b84f40, 0x00000240b7b851b8]

GC Heap History (0 events):
No events

Deoptimization events (0 events):
No events

Classes unloaded (0 events):
No events

Classes redefined (0 events):
No events

Internal exceptions (5 events):
Event: 0.425 Thread 0x00000240d2df8990 Exception <a 'java/lang/NoSuchMethodError'{0x0000000711df0238}: 'java.lang.Object java.lang.invoke.DirectMethodHandle$Holder.invokeStaticInit(java.lang.Object)'> (0x0000000711df0238) 
thrown [t:\workspace\open\src\hotspot\share\interpreter\linkResolver.cpp, line 766]
Event: 0.445 Thread 0x00000240d2df8990 Exception <a 'java/lang/NoSuchMethodError'{0x0000000711dfdfe8}: 'void java.lang.invoke.DirectMethodHandle$Holder.invokeStatic(java.lang.Object, java.lang.Object)'> (0x0000000711dfdfe8) 
thrown [t:\workspace\open\src\hotspot\share\interpreter\linkResolver.cpp, line 766]
Event: 0.455 Thread 0x00000240afd1af30 Exception <a 'java/lang/ClassNotFoundException'{0x0000000711dc90a8}: sun/awt/resources/spi/awtProvider> (0x0000000711dc90a8) 
thrown [t:\workspace\open\src\hotspot\share\classfile\systemDictionary.cpp, line 256]
Event: 0.524 Thread 0x00000240afd1af30 Exception <a 'java/io/FileNotFoundException'{0x0000000711a6f7d8}> (0x0000000711a6f7d8) 
thrown [t:\workspace\open\src\hotspot\share\prims\jni.cpp, line 516]
Event: 0.544 Thread 0x00000240afd1af30 Exception <a 'java/io/FileNotFoundException'{0x0000000711a9c9c8}> (0x0000000711a9c9c8) 
thrown [t:\workspace\open\src\hotspot\share\prims\jni.cpp, line 516]

VM Operations (4 events):
Event: 0.233 Executing VM operation: HandshakeAllThreads
Event: 0.233 Executing VM operation: HandshakeAllThreads done
Event: 0.419 Executing VM operation: HandshakeAllThreads
Event: 0.421 Executing VM operation: HandshakeAllThreads done

Events (20 events):
Event: 0.638 loading class sun/java2d/pipe/SpanClipRenderer done
Event: 0.638 loading class sun/java2d/pipe/Region
Event: 0.639 loading class sun/java2d/pipe/Region done
Event: 0.639 loading class sun/java2d/pipe/RegionIterator
Event: 0.639 loading class sun/java2d/pipe/RegionIterator done
Event: 0.640 loading class sun/java2d/pipe/AAShapePipe
Event: 0.641 loading class sun/java2d/pipe/AAShapePipe done
Event: 0.641 loading class sun/java2d/pipe/AAShapePipe$1
Event: 0.641 loading class sun/java2d/pipe/AAShapePipe$1 done
Event: 0.641 loading class sun/java2d/pipe/AlphaPaintPipe
Event: 0.641 loading class sun/java2d/pipe/AlphaPaintPipe done
Event: 0.643 loading class sun/java2d/pipe/SpanShapeRenderer$Composite
Event: 0.643 loading class sun/java2d/pipe/SpanShapeRenderer
Event: 0.643 loading class sun/java2d/pipe/SpanShapeRenderer done
Event: 0.643 loading class sun/java2d/pipe/SpanShapeRenderer$Composite done
Event: 0.643 loading class sun/java2d/pipe/GeneralCompositePipe
Event: 0.644 loading class sun/java2d/pipe/GeneralCompositePipe done
Event: 0.644 loading class sun/java2d/pipe/DrawImage
Event: 0.644 loading class sun/java2d/pipe/DrawImage done
Event: 0.645 loading class sun/java2d/loops/RenderCache


Dynamic libraries:
0x00007ff757160000 - 0x00007ff75716e000 	C:\Users\pattymelg\Downloads\jdk-17.0.2\bin\java.exe
0x00007fffe08f0000 - 0x00007fffe0ae5000 	C:\WINDOWS\SYSTEM32\ntdll.dll
0x00007fffdf6c0000 - 0x00007fffdf77e000 	C:\WINDOWS\System32\KERNEL32.DLL
0x00007fffde350000 - 0x00007fffde618000 	C:\WINDOWS\System32\KERNELBASE.dll
0x00007fffde000000 - 0x00007fffde100000 	C:\WINDOWS\System32\ucrtbase.dll
0x00007fff2dae0000 - 0x00007fff2daf8000 	C:\Users\pattymelg\Downloads\jdk-17.0.2\bin\jli.dll
0x00007fffdfc10000 - 0x00007fffdfdb0000 	C:\WINDOWS\System32\USER32.dll
0x00007fff2da70000 - 0x00007fff2da8a000 	C:\Users\pattymelg\Downloads\jdk-17.0.2\bin\VCRUNTIME140.dll
0x00007fffde910000 - 0x00007fffde932000 	C:\WINDOWS\System32\win32u.dll
0x00007fffdf7a0000 - 0x00007fffdf7cb000 	C:\WINDOWS\System32\GDI32.dll
0x00007fffde6c0000 - 0x00007fffde7cd000 	C:\WINDOWS\System32\gdi32full.dll
0x00007fffde620000 - 0x00007fffde6bd000 	C:\WINDOWS\System32\msvcp_win.dll
0x00007fffd0ec0000 - 0x00007fffd115a000 	C:\WINDOWS\WinSxS\amd64_microsoft.windows.common-controls_6595b64144ccf1df_6.0.19041.1110_none_60b5254171f9507e\COMCTL32.dll
0x00007fffded50000 - 0x00007fffdedee000 	C:\WINDOWS\System32\msvcrt.dll
0x00007fffe01a0000 - 0x00007fffe01d0000 	C:\WINDOWS\System32\IMM32.DLL
0x00007fffd93f0000 - 0x00007fffd93fc000 	C:\Users\pattymelg\Downloads\jdk-17.0.2\bin\vcruntime140_1.dll
0x00007fff2c920000 - 0x00007fff2c9ad000 	C:\Users\pattymelg\Downloads\jdk-17.0.2\bin\msvcp140.dll
0x00007fff1df80000 - 0x00007fff1eb41000 	C:\Users\pattymelg\Downloads\jdk-17.0.2\bin\server\jvm.dll
0x00007fffe01d0000 - 0x00007fffe027e000 	C:\WINDOWS\System32\ADVAPI32.dll
0x00007fffe0050000 - 0x00007fffe00ec000 	C:\WINDOWS\System32\sechost.dll
0x00007fffdff20000 - 0x00007fffe0045000 	C:\WINDOWS\System32\RPCRT4.dll
0x00007fffdf7d0000 - 0x00007fffdf7d8000 	C:\WINDOWS\System32\PSAPI.DLL
0x00007fffaec10000 - 0x00007fffaec19000 	C:\WINDOWS\SYSTEM32\WSOCK32.dll
0x00007fffdfdb0000 - 0x00007fffdfe1b000 	C:\WINDOWS\System32\WS2_32.dll
0x00007fffcf090000 - 0x00007fffcf0b7000 	C:\WINDOWS\SYSTEM32\WINMM.dll
0x00007fffd2110000 - 0x00007fffd211a000 	C:\WINDOWS\SYSTEM32\VERSION.dll
0x00007fffdc840000 - 0x00007fffdc852000 	C:\WINDOWS\SYSTEM32\kernel.appcore.dll
0x00007fff99790000 - 0x00007fff9979a000 	C:\Users\pattymelg\Downloads\jdk-17.0.2\bin\jimage.dll
0x00007fffdc3a0000 - 0x00007fffdc584000 	C:\WINDOWS\SYSTEM32\DBGHELP.DLL
0x00007fffcf1b0000 - 0x00007fffcf1dc000 	C:\WINDOWS\SYSTEM32\dbgcore.DLL
0x00007fffde880000 - 0x00007fffde902000 	C:\WINDOWS\System32\bcryptPrimitives.dll
0x00007fffd8180000 - 0x00007fffd818e000 	C:\Users\pattymelg\Downloads\jdk-17.0.2\bin\instrument.dll
0x00007fff2d850000 - 0x00007fff2d875000 	C:\Users\pattymelg\Downloads\jdk-17.0.2\bin\java.dll
0x00007fff1dea0000 - 0x00007fff1df76000 	C:\Users\pattymelg\Downloads\jdk-17.0.2\bin\jsvml.dll
0x00007fffdef70000 - 0x00007fffdf6b4000 	C:\WINDOWS\System32\SHELL32.dll
0x00007fffdb290000 - 0x00007fffdba24000 	C:\WINDOWS\SYSTEM32\windows.storage.dll
0x00007fffdf7e0000 - 0x00007fffdfb35000 	C:\WINDOWS\System32\combase.dll
0x00007fffdd8a0000 - 0x00007fffdd8ce000 	C:\WINDOWS\SYSTEM32\Wldp.dll
0x00007fffe00f0000 - 0x00007fffe019d000 	C:\WINDOWS\System32\SHCORE.dll
0x00007fffdef10000 - 0x00007fffdef65000 	C:\WINDOWS\System32\shlwapi.dll
0x00007fffddf40000 - 0x00007fffddf5f000 	C:\WINDOWS\SYSTEM32\profapi.dll
0x00007fff2cab0000 - 0x00007fff2cac8000 	C:\Users\pattymelg\Downloads\jdk-17.0.2\bin\zip.dll
0x00007fff2c240000 - 0x00007fff2c259000 	C:\Users\pattymelg\Downloads\jdk-17.0.2\bin\net.dll
0x00007fffd2ca0000 - 0x00007fffd2dac000 	C:\WINDOWS\SYSTEM32\WINHTTP.dll
0x00007fffdd680000 - 0x00007fffdd6ea000 	C:\WINDOWS\system32\mswsock.dll
0x00007fff2c220000 - 0x00007fff2c236000 	C:\Users\pattymelg\Downloads\jdk-17.0.2\bin\nio.dll
0x00007fffd4ba0000 - 0x00007fffd4bba000 	C:\Program Files\JetBrains\IntelliJ IDEA Community Edition 2021.3.1\bin\breakgen64.dll
0x00007fff1dd10000 - 0x00007fff1de9e000 	C:\Users\pattymelg\Downloads\jdk-17.0.2\bin\awt.dll
0x00007fffdfb40000 - 0x00007fffdfc0d000 	C:\WINDOWS\System32\OLEAUT32.dll
0x00007fffdaad0000 - 0x00007fffdab60000 	C:\WINDOWS\SYSTEM32\apphelp.dll

dbghelp: loaded successfully - version: 4.0.5 - missing functions: none
symbol engine: initialized successfully - sym options: 0x614 - pdb path: .;C:\Users\pattymelg\Downloads\jdk-17.0.2\bin;C:\WINDOWS\SYSTEM32;C:\WINDOWS\WinSxS\amd64_microsoft.windows.common-controls_6595b64144ccf1df_6.0.19041.1110_none_60b5254171f9507e;C:\Users\pattymelg\Downloads\jdk-17.0.2\bin\server;C:\Program Files\JetBrains\IntelliJ IDEA Community Edition 2021.3.1\bin

VM Arguments:
jvm_args: -javaagent:C:\Program Files\JetBrains\IntelliJ IDEA Community Edition 2021.3.1\lib\idea_rt.jar=53289:C:\Program Files\JetBrains\IntelliJ IDEA Community Edition 2021.3.1\bin -Dfile.encoding=UTF-8 
java_command: de.dhbw.complexCalculator.Main
java_class_path (initial): C:\Users\pattymelg\Desktop\neu\complexCalculatorGUI\out\production\complexCalculatorGUI
Launcher Type: SUN_STANDARD

[Global flags]
     intx CICompilerCount                          = 3                                         {product} {ergonomic}
     uint ConcGCThreads                            = 1                                         {product} {ergonomic}
     uint G1ConcRefinementThreads                  = 4                                         {product} {ergonomic}
   size_t G1HeapRegionSize                         = 2097152                                   {product} {ergonomic}
    uintx GCDrainStackTargetSize                   = 64                                        {product} {ergonomic}
   size_t InitialHeapSize                          = 266338304                                 {product} {ergonomic}
   size_t MarkStackSize                            = 4194304                                   {product} {ergonomic}
   size_t MaxHeapSize                              = 4261412864                                {product} {ergonomic}
   size_t MaxNewSize                               = 2556428288                                {product} {ergonomic}
   size_t MinHeapDeltaBytes                        = 2097152                                   {product} {ergonomic}
   size_t MinHeapSize                              = 8388608                                   {product} {ergonomic}
    uintx NonNMethodCodeHeapSize                   = 5832780                                {pd product} {ergonomic}
    uintx NonProfiledCodeHeapSize                  = 122912730                              {pd product} {ergonomic}
    uintx ProfiledCodeHeapSize                     = 122912730                              {pd product} {ergonomic}
    uintx ReservedCodeCacheSize                    = 251658240                              {pd product} {ergonomic}
     bool SegmentedCodeCache                       = true                                      {product} {ergonomic}
   size_t SoftMaxHeapSize                          = 4261412864                             {manageable} {ergonomic}
     bool UseCompressedClassPointers               = true                           {product lp64_product} {ergonomic}
     bool UseCompressedOops                        = true                           {product lp64_product} {ergonomic}
     bool UseG1GC                                  = true                                      {product} {ergonomic}
     bool UseLargePagesIndividualAllocation        = false                                  {pd product} {ergonomic}

Logging:
Log output configuration:
 #0: stdout all=warning uptime,level,tags
 #1: stderr all=off uptime,level,tags

Environment Variables:
PATH=C:\Program Files (x86)\Common Files\Oracle\Java\javapath;C:\WINDOWS\system32;C:\WINDOWS;C:\WINDOWS\System32\Wbem;C:\WINDOWS\System32\WindowsPowerShell\v1.0\;C:\WINDOWS\System32\OpenSSH\;C:\Program Files\MATLAB\R2021a\runtime\win64;C:\Program Files\MATLAB\R2021a\bin;C:\Program Files\dotnet\;C:\Program Files (x86)\dotnet\;C:\TDM-GCC-64\bin;C:\Program Files\nodejs\;C:\Program Files\Docker\Docker\resources\bin;C:\ProgramData\DockerDesktop\version-bin;C:\Program Files\Git\cmd;C:\Users\pattymelg\AppData\Local\Programs\Python\Python39\Scripts\;C:\Users\pattymelg\AppData\Local\Programs\Python\Python39\;C:\Users\pattymelg\AppData\Local\Microsoft\WindowsApps;C:\Users\pattymelg\AppData\Local\Microsoft\WindowsApps;C:\Program Files\JetBrains\PyCharm Community Edition 2020.2.4\bin;C:\Modeltech_pe_edu_10.4a\win32pe_edu;C:\Users\pattymelg\.dotnet\tools;C:\Users\pattymelg\AppData\Roaming\npm;C:\Users\pattymelg\Downloads\flutter\bin;C:\Users\pattymelg\AppData\Local\GitHubDesktop\bin
USERNAME=pattymelg
OS=Windows_NT
PROCESSOR_IDENTIFIER=Intel64 Family 6 Model 58 Stepping 9, GenuineIntel



---------------  S Y S T E M  ---------------

OS:
 Windows 10 , 64 bit Build 19041 (10.0.19041.1503)
OS uptime: 0 days 21:17 hours
Hyper-V role detected

CPU: total 4 (initial active 4) (2 cores per cpu, 2 threads per core) family 6 model 58 stepping 9 microcode 0x21, cx8, cmov, fxsr, ht, mmx, sse, sse2, sse3, ssse3, sse4.1, sse4.2, popcnt, tsc, tscinvbit, avx, aes, erms, clmul, vzeroupper, clflush, hv

Memory: 4k page, system-wide physical 16255M (3788M free)
TotalPageFile size 23571M (AvailPageFile size 3M)
current process WorkingSet (physical memory assigned to process): 40M, peak: 40M
current process commit charge ("private bytes"): 337M, peak: 337M

vm_info: OpenJDK 64-Bit Server VM (17.0.2+8-86) for windows-amd64 JRE (17.0.2+8-86), built on Dec  7 2021 21:49:10 by "mach5one" with MS VC++ 16.8 / 16.9 (VS2019)

END.
